{"uuid":"379be3dc-a284-45e7-b32b-05a7034c5b51","historyId":"6a2563cda8ecfe3c47b04ab52866b280","testCaseId":"3871ec1815838709381da032f4cf36d7","fullName":"src/test/resources/features/2-crearCuentaSunat.feature:17","labels":[{"name":"tag","value":"Crear_Cuenta_Sunat"},{"name":"host","value":"MAVERICK"},{"name":"thread","value":"63492@MAVERICK.main(3)"},{"name":"feature","value":"Crear Cuenta Exta"},{"name":"story","value":"Crear_Cuenta"},{"name":"suite","value":"Crear Cuenta Exta"},{"name":"testClass","value":"Crear_Cuenta"},{"name":"framework","value":"cucumber4jvm"},{"name":"language","value":"java"},{"name":"gherkin_uri","value":"file:///C:/Workspace/SeleniumWebDriver/SeleniumAutenticacionBDD/src/test/resources/features/2-crearCuentaSunat.feature"},{"name":"package","value":"src.test.resources.features.2-crearCuentaSunat_feature.Crear Cuenta Exta"}],"links":[],"name":"Crear_Cuenta","status":"broken","statusDetails":{"known":false,"muted":false,"flaky":false,"message":"no such element: Unable to locate element: {\"method\":\"xpath\",\"selector\":\"/html/body/app-root/app-layout-internal/div/mat-drawer-container/mat-drawer-content/div/div/div/app-register-vuce/div/div/div[2]/app-user-data/form/div[4]/app-personal-data/div/div[2]/div/button\"}\n  (Session info: chrome=120.0.6099.109)\nFor documentation on this error, please visit: https://www.selenium.dev/documentation/webdriver/troubleshooting/errors#no-such-element-exception\nBuild info: version: '4.22.0', revision: 'c5f3146703*'\nSystem info: os.name: 'Windows 11', os.arch: 'amd64', os.version: '10.0', java.version: '25-ea'\nDriver info: org.openqa.selenium.chrome.ChromeDriver\nCommand: [e3a6eb2eef2d308ff0da40caec854889, findElement {using=xpath, value=/html/body/app-root/app-layout-internal/div/mat-drawer-container/mat-drawer-content/div/div/div/app-register-vuce/div/div/div[2]/app-user-data/form/div[4]/app-personal-data/div/div[2]/div/button}]\nCapabilities {acceptInsecureCerts: false, browserName: chrome, browserVersion: 120.0.6099.109, chrome: {chromedriverVersion: 120.0.6099.109 (3419140ab66..., userDataDir: C:\\Users\\Admin\\AppData\\Loca...}, fedcm:accounts: true, goog:chromeOptions: {debuggerAddress: localhost:52269}, networkConnectionEnabled: false, pageLoadStrategy: normal, platformName: windows, proxy: Proxy(), se:cdp: ws://localhost:52269/devtoo..., se:cdpVersion: 120.0.6099.109, setWindowRect: true, strictFileInteractability: false, timeouts: {implicit: 0, pageLoad: 300000, script: 30000}, unhandledPromptBehavior: dismiss and notify, webauthn:extension:credBlob: true, webauthn:extension:largeBlob: true, webauthn:extension:minPinLength: true, webauthn:extension:prf: true, webauthn:virtualAuthenticators: true}\nSession ID: e3a6eb2eef2d308ff0da40caec854889","trace":"org.openqa.selenium.NoSuchElementException: no such element: Unable to locate element: {\"method\":\"xpath\",\"selector\":\"/html/body/app-root/app-layout-internal/div/mat-drawer-container/mat-drawer-content/div/div/div/app-register-vuce/div/div/div[2]/app-user-data/form/div[4]/app-personal-data/div/div[2]/div/button\"}\n  (Session info: chrome=120.0.6099.109)\nFor documentation on this error, please visit: https://www.selenium.dev/documentation/webdriver/troubleshooting/errors#no-such-element-exception\nBuild info: version: '4.22.0', revision: 'c5f3146703*'\nSystem info: os.name: 'Windows 11', os.arch: 'amd64', os.version: '10.0', java.version: '25-ea'\nDriver info: org.openqa.selenium.chrome.ChromeDriver\nCommand: [e3a6eb2eef2d308ff0da40caec854889, findElement {using=xpath, value=/html/body/app-root/app-layout-internal/div/mat-drawer-container/mat-drawer-content/div/div/div/app-register-vuce/div/div/div[2]/app-user-data/form/div[4]/app-personal-data/div/div[2]/div/button}]\nCapabilities {acceptInsecureCerts: false, browserName: chrome, browserVersion: 120.0.6099.109, chrome: {chromedriverVersion: 120.0.6099.109 (3419140ab66..., userDataDir: C:\\Users\\Admin\\AppData\\Loca...}, fedcm:accounts: true, goog:chromeOptions: {debuggerAddress: localhost:52269}, networkConnectionEnabled: false, pageLoadStrategy: normal, platformName: windows, proxy: Proxy(), se:cdp: ws://localhost:52269/devtoo..., se:cdpVersion: 120.0.6099.109, setWindowRect: true, strictFileInteractability: false, timeouts: {implicit: 0, pageLoad: 300000, script: 30000}, unhandledPromptBehavior: dismiss and notify, webauthn:extension:credBlob: true, webauthn:extension:largeBlob: true, webauthn:extension:minPinLength: true, webauthn:extension:prf: true, webauthn:virtualAuthenticators: true}\nSession ID: e3a6eb2eef2d308ff0da40caec854889\r\n\tat java.base/jdk.internal.reflect.DirectConstructorHandleAccessor.newInstance(DirectConstructorHandleAccessor.java:62)\r\n\tat java.base/java.lang.reflect.Constructor.newInstanceWithCaller(Constructor.java:499)\r\n\tat java.base/java.lang.reflect.Constructor.newInstance(Constructor.java:483)\r\n\tat org.openqa.selenium.remote.ErrorCodec.decode(ErrorCodec.java:167)\r\n\tat org.openqa.selenium.remote.codec.w3c.W3CHttpResponseCodec.decode(W3CHttpResponseCodec.java:138)\r\n\tat org.openqa.selenium.remote.codec.w3c.W3CHttpResponseCodec.decode(W3CHttpResponseCodec.java:50)\r\n\tat org.openqa.selenium.remote.HttpCommandExecutor.execute(HttpCommandExecutor.java:190)\r\n\tat org.openqa.selenium.remote.service.DriverCommandExecutor.invokeExecute(DriverCommandExecutor.java:216)\r\n\tat org.openqa.selenium.remote.service.DriverCommandExecutor.execute(DriverCommandExecutor.java:174)\r\n\tat org.openqa.selenium.remote.RemoteWebDriver.execute(RemoteWebDriver.java:518)\r\n\tat org.openqa.selenium.remote.ElementLocation$ElementFinder$2.findElement(ElementLocation.java:165)\r\n\tat org.openqa.selenium.remote.ElementLocation.findElement(ElementLocation.java:59)\r\n\tat org.openqa.selenium.remote.RemoteWebDriver.findElement(RemoteWebDriver.java:355)\r\n\tat org.openqa.selenium.remote.RemoteWebDriver.findElement(RemoteWebDriver.java:349)\r\n\tat com.authenticacion.pages.RegistroPage.registrarCuentaSunat(RegistroPage.java:90)\r\n\tat com.authenticacion.steps.StepsGeneralUser.ingresa_parametros_nueva_cuenta_sunat(StepsGeneralUser.java:177)\r\n\tat ✽.ingresa parametros nueva cuenta sunat \"10452851461\" and \"DCC14611\" and \"DCC51461\" and \"45285146\"(file:///C:/Workspace/SeleniumWebDriver/SeleniumAutenticacionBDD/src/test/resources/features/2-crearCuentaSunat.feature:12)\r\n"},"stage":"finished","description":"  As i guest\n  I want to login\n  So that ...","steps":[{"name":"Given page of autenticacion is all ready","status":"passed","statusDetails":{"known":false,"muted":false,"flaky":false},"stage":"finished","steps":[],"attachments":[],"parameters":[],"start":1744043699438,"stop":1744043700357},{"name":"When guest select MR services","status":"passed","statusDetails":{"known":false,"muted":false,"flaky":false},"stage":"finished","steps":[],"attachments":[],"parameters":[],"start":1744043700360,"stop":1744043703817},{"name":"And seleciona crear cuenta vuce","status":"passed","statusDetails":{"known":false,"muted":false,"flaky":false},"stage":"finished","steps":[],"attachments":[],"parameters":[],"start":1744043703818,"stop":1744043705412},{"name":"And ingresa parametros nueva cuenta sunat \"10452851461\" and \"DCC14611\" and \"DCC51461\" and \"45285146\"","status":"broken","statusDetails":{"known":false,"muted":false,"flaky":false,"message":"no such element: Unable to locate element: {\"method\":\"xpath\",\"selector\":\"/html/body/app-root/app-layout-internal/div/mat-drawer-container/mat-drawer-content/div/div/div/app-register-vuce/div/div/div[2]/app-user-data/form/div[4]/app-personal-data/div/div[2]/div/button\"}\n  (Session info: chrome=120.0.6099.109)\nFor documentation on this error, please visit: https://www.selenium.dev/documentation/webdriver/troubleshooting/errors#no-such-element-exception\nBuild info: version: '4.22.0', revision: 'c5f3146703*'\nSystem info: os.name: 'Windows 11', os.arch: 'amd64', os.version: '10.0', java.version: '25-ea'\nDriver info: org.openqa.selenium.chrome.ChromeDriver\nCommand: [e3a6eb2eef2d308ff0da40caec854889, findElement {using=xpath, value=/html/body/app-root/app-layout-internal/div/mat-drawer-container/mat-drawer-content/div/div/div/app-register-vuce/div/div/div[2]/app-user-data/form/div[4]/app-personal-data/div/div[2]/div/button}]\nCapabilities {acceptInsecureCerts: false, browserName: chrome, browserVersion: 120.0.6099.109, chrome: {chromedriverVersion: 120.0.6099.109 (3419140ab66..., userDataDir: C:\\Users\\Admin\\AppData\\Loca...}, fedcm:accounts: true, goog:chromeOptions: {debuggerAddress: localhost:52269}, networkConnectionEnabled: false, pageLoadStrategy: normal, platformName: windows, proxy: Proxy(), se:cdp: ws://localhost:52269/devtoo..., se:cdpVersion: 120.0.6099.109, setWindowRect: true, strictFileInteractability: false, timeouts: {implicit: 0, pageLoad: 300000, script: 30000}, unhandledPromptBehavior: dismiss and notify, webauthn:extension:credBlob: true, webauthn:extension:largeBlob: true, webauthn:extension:minPinLength: true, webauthn:extension:prf: true, webauthn:virtualAuthenticators: true}\nSession ID: e3a6eb2eef2d308ff0da40caec854889","trace":"org.openqa.selenium.NoSuchElementException: no such element: Unable to locate element: {\"method\":\"xpath\",\"selector\":\"/html/body/app-root/app-layout-internal/div/mat-drawer-container/mat-drawer-content/div/div/div/app-register-vuce/div/div/div[2]/app-user-data/form/div[4]/app-personal-data/div/div[2]/div/button\"}\n  (Session info: chrome=120.0.6099.109)\nFor documentation on this error, please visit: https://www.selenium.dev/documentation/webdriver/troubleshooting/errors#no-such-element-exception\nBuild info: version: '4.22.0', revision: 'c5f3146703*'\nSystem info: os.name: 'Windows 11', os.arch: 'amd64', os.version: '10.0', java.version: '25-ea'\nDriver info: org.openqa.selenium.chrome.ChromeDriver\nCommand: [e3a6eb2eef2d308ff0da40caec854889, findElement {using=xpath, value=/html/body/app-root/app-layout-internal/div/mat-drawer-container/mat-drawer-content/div/div/div/app-register-vuce/div/div/div[2]/app-user-data/form/div[4]/app-personal-data/div/div[2]/div/button}]\nCapabilities {acceptInsecureCerts: false, browserName: chrome, browserVersion: 120.0.6099.109, chrome: {chromedriverVersion: 120.0.6099.109 (3419140ab66..., userDataDir: C:\\Users\\Admin\\AppData\\Loca...}, fedcm:accounts: true, goog:chromeOptions: {debuggerAddress: localhost:52269}, networkConnectionEnabled: false, pageLoadStrategy: normal, platformName: windows, proxy: Proxy(), se:cdp: ws://localhost:52269/devtoo..., se:cdpVersion: 120.0.6099.109, setWindowRect: true, strictFileInteractability: false, timeouts: {implicit: 0, pageLoad: 300000, script: 30000}, unhandledPromptBehavior: dismiss and notify, webauthn:extension:credBlob: true, webauthn:extension:largeBlob: true, webauthn:extension:minPinLength: true, webauthn:extension:prf: true, webauthn:virtualAuthenticators: true}\nSession ID: e3a6eb2eef2d308ff0da40caec854889\r\n\tat java.base/jdk.internal.reflect.DirectConstructorHandleAccessor.newInstance(DirectConstructorHandleAccessor.java:62)\r\n\tat java.base/java.lang.reflect.Constructor.newInstanceWithCaller(Constructor.java:499)\r\n\tat java.base/java.lang.reflect.Constructor.newInstance(Constructor.java:483)\r\n\tat org.openqa.selenium.remote.ErrorCodec.decode(ErrorCodec.java:167)\r\n\tat org.openqa.selenium.remote.codec.w3c.W3CHttpResponseCodec.decode(W3CHttpResponseCodec.java:138)\r\n\tat org.openqa.selenium.remote.codec.w3c.W3CHttpResponseCodec.decode(W3CHttpResponseCodec.java:50)\r\n\tat org.openqa.selenium.remote.HttpCommandExecutor.execute(HttpCommandExecutor.java:190)\r\n\tat org.openqa.selenium.remote.service.DriverCommandExecutor.invokeExecute(DriverCommandExecutor.java:216)\r\n\tat org.openqa.selenium.remote.service.DriverCommandExecutor.execute(DriverCommandExecutor.java:174)\r\n\tat org.openqa.selenium.remote.RemoteWebDriver.execute(RemoteWebDriver.java:518)\r\n\tat org.openqa.selenium.remote.ElementLocation$ElementFinder$2.findElement(ElementLocation.java:165)\r\n\tat org.openqa.selenium.remote.ElementLocation.findElement(ElementLocation.java:59)\r\n\tat org.openqa.selenium.remote.RemoteWebDriver.findElement(RemoteWebDriver.java:355)\r\n\tat org.openqa.selenium.remote.RemoteWebDriver.findElement(RemoteWebDriver.java:349)\r\n\tat com.authenticacion.pages.RegistroPage.registrarCuentaSunat(RegistroPage.java:90)\r\n\tat com.authenticacion.steps.StepsGeneralUser.ingresa_parametros_nueva_cuenta_sunat(StepsGeneralUser.java:177)\r\n\tat ✽.ingresa parametros nueva cuenta sunat \"10452851461\" and \"DCC14611\" and \"DCC51461\" and \"45285146\"(file:///C:/Workspace/SeleniumWebDriver/SeleniumAutenticacionBDD/src/test/resources/features/2-crearCuentaSunat.feature:12)\r\n"},"stage":"finished","steps":[],"attachments":[],"parameters":[],"start":1744043705413,"stop":1744043758523},{"name":"Then se comprueba el envio de codigo","status":"skipped","statusDetails":{"known":false,"muted":false,"flaky":false},"stage":"finished","steps":[],"attachments":[],"parameters":[],"start":1744043758525,"stop":1744043758525}],"attachments":[],"parameters":[{"name":"ruc","value":"10452851461"},{"name":"","value":""},{"name":"usuario","value":"DCC14611"},{"name":"","value":""},{"name":"contrasena","value":"DCC51461"},{"name":"","value":""},{"name":"dni","value":"45285146"}],"start":1744043699434,"stop":1744043758697}