{"uuid":"5281a763-f223-4619-8d77-75a63e8e0460","historyId":"95e66df5a890a4a61998cf4d8d6c241","testCaseId":"ba90d965334ce3b1aecec6d9360e472","fullName":"src/test/resources/features/5-loginCambiaPerfil.feature:17","labels":[{"name":"tag","value":"Logear_y_Cambiar_perfil"},{"name":"host","value":"MAVERICK"},{"name":"thread","value":"110000@MAVERICK.main(3)"},{"name":"feature","value":"Logear y Cambiar perfil"},{"name":"story","value":"logear y cerrar sesion"},{"name":"suite","value":"Logear y Cambiar perfil"},{"name":"testClass","value":"logear y cerrar sesion"},{"name":"framework","value":"cucumber4jvm"},{"name":"language","value":"java"},{"name":"gherkin_uri","value":"file:///C:/Workspace/SeleniumWebDriver/SeleniumAutenticacionBDD/src/test/resources/features/5-loginCambiaPerfil.feature"},{"name":"package","value":"src.test.resources.features.5-loginCambiaPerfil_feature.Logear y Cambiar perfil"}],"links":[],"name":"logear y cerrar sesion","status":"broken","statusDetails":{"known":false,"muted":false,"flaky":false,"message":"Element <button> is not clickable at point (1279,480) because another element <img class=\"img-head\" src=\"assets/images/img-model-vuce.png\"> obscures it\nBuild info: version: '4.22.0', revision: 'c5f3146703*'\nSystem info: os.name: 'Windows 11', os.arch: 'amd64', os.version: '10.0', java.version: '25-ea'\nDriver info: org.openqa.selenium.firefox.FirefoxDriver\nCommand: [49a6ef04-c389-4f38-8b0f-8a2195cc6349, clickElement {id=21e88e50-d689-4e3a-94b3-7769a94ae6ed}]\nCapabilities {acceptInsecureCerts: true, browserName: firefox, browserVersion: 122.0.1, moz:accessibilityChecks: false, moz:buildID: 20240205133611, moz:debuggerAddress: 127.0.0.1:45943, moz:geckodriverVersion: 0.35.0, moz:headless: false, moz:platformVersion: 10.0, moz:processID: 110484, moz:profile: C:\\Users\\Admin\\AppData\\Loca..., moz:shutdownTimeout: 60000, moz:webdriverClick: true, moz:windowless: false, pageLoadStrategy: normal, platformName: windows, proxy: Proxy(), se:cdp: ws://127.0.0.1:45943/devtoo..., se:cdpVersion: 85.0, setWindowRect: true, strictFileInteractability: false, timeouts: {implicit: 0, pageLoad: 300000, script: 30000}, unhandledPromptBehavior: dismiss and notify}\nElement: [[FirefoxDriver: firefox on windows (49a6ef04-c389-4f38-8b0f-8a2195cc6349)] -> xpath: /html/body/app-root/app-landing-auth/div[2]/div/div/div[2]/div/div[1]/div/button]\nSession ID: 49a6ef04-c389-4f38-8b0f-8a2195cc6349","trace":"org.openqa.selenium.ElementClickInterceptedException: Element <button> is not clickable at point (1279,480) because another element <img class=\"img-head\" src=\"assets/images/img-model-vuce.png\"> obscures it\nBuild info: version: '4.22.0', revision: 'c5f3146703*'\nSystem info: os.name: 'Windows 11', os.arch: 'amd64', os.version: '10.0', java.version: '25-ea'\nDriver info: org.openqa.selenium.firefox.FirefoxDriver\nCommand: [49a6ef04-c389-4f38-8b0f-8a2195cc6349, clickElement {id=21e88e50-d689-4e3a-94b3-7769a94ae6ed}]\nCapabilities {acceptInsecureCerts: true, browserName: firefox, browserVersion: 122.0.1, moz:accessibilityChecks: false, moz:buildID: 20240205133611, moz:debuggerAddress: 127.0.0.1:45943, moz:geckodriverVersion: 0.35.0, moz:headless: false, moz:platformVersion: 10.0, moz:processID: 110484, moz:profile: C:\\Users\\Admin\\AppData\\Loca..., moz:shutdownTimeout: 60000, moz:webdriverClick: true, moz:windowless: false, pageLoadStrategy: normal, platformName: windows, proxy: Proxy(), se:cdp: ws://127.0.0.1:45943/devtoo..., se:cdpVersion: 85.0, setWindowRect: true, strictFileInteractability: false, timeouts: {implicit: 0, pageLoad: 300000, script: 30000}, unhandledPromptBehavior: dismiss and notify}\nElement: [[FirefoxDriver: firefox on windows (49a6ef04-c389-4f38-8b0f-8a2195cc6349)] -> xpath: /html/body/app-root/app-landing-auth/div[2]/div/div/div[2]/div/div[1]/div/button]\nSession ID: 49a6ef04-c389-4f38-8b0f-8a2195cc6349\r\n\tat java.base/jdk.internal.reflect.DirectConstructorHandleAccessor.newInstance(DirectConstructorHandleAccessor.java:62)\r\n\tat java.base/java.lang.reflect.Constructor.newInstanceWithCaller(Constructor.java:499)\r\n\tat java.base/java.lang.reflect.Constructor.newInstance(Constructor.java:483)\r\n\tat org.openqa.selenium.remote.ErrorCodec.decode(ErrorCodec.java:167)\r\n\tat org.openqa.selenium.remote.codec.w3c.W3CHttpResponseCodec.decode(W3CHttpResponseCodec.java:138)\r\n\tat org.openqa.selenium.remote.codec.w3c.W3CHttpResponseCodec.decode(W3CHttpResponseCodec.java:50)\r\n\tat org.openqa.selenium.remote.HttpCommandExecutor.execute(HttpCommandExecutor.java:190)\r\n\tat org.openqa.selenium.remote.service.DriverCommandExecutor.invokeExecute(DriverCommandExecutor.java:216)\r\n\tat org.openqa.selenium.remote.service.DriverCommandExecutor.execute(DriverCommandExecutor.java:174)\r\n\tat org.openqa.selenium.remote.RemoteWebDriver.execute(RemoteWebDriver.java:518)\r\n\tat org.openqa.selenium.remote.RemoteWebElement.execute(RemoteWebElement.java:223)\r\n\tat org.openqa.selenium.remote.RemoteWebElement.click(RemoteWebElement.java:76)\r\n\tat com.authenticacion.pages.LoginPage.clicIngresar(LoginPage.java:48)\r\n\tat com.authenticacion.steps.StepsGeneralUser.user_enters_credentials_and(StepsGeneralUser.java:59)\r\n\tat ✽.user enters credentials \"backus@gmail.com\" and \"Vuce0424.\"(file:///C:/Workspace/SeleniumWebDriver/SeleniumAutenticacionBDD/src/test/resources/features/5-loginCambiaPerfil.feature:11)\r\n"},"stage":"finished","description":"  As i guest\n  I want to login\n  So that ...","steps":[{"name":"Given page of autenticacion is all ready","status":"passed","statusDetails":{"known":false,"muted":false,"flaky":false},"stage":"finished","steps":[],"attachments":[],"parameters":[],"start":1743806351822,"stop":1743806353642},{"name":"When guest select MR services","status":"passed","statusDetails":{"known":false,"muted":false,"flaky":false},"stage":"finished","steps":[],"attachments":[],"parameters":[],"start":1743806353644,"stop":1743806356960},{"name":"And user enters credentials \"backus@gmail.com\" and \"Vuce0424.\"","status":"broken","statusDetails":{"known":false,"muted":false,"flaky":false,"message":"Element <button> is not clickable at point (1279,480) because another element <img class=\"img-head\" src=\"assets/images/img-model-vuce.png\"> obscures it\nBuild info: version: '4.22.0', revision: 'c5f3146703*'\nSystem info: os.name: 'Windows 11', os.arch: 'amd64', os.version: '10.0', java.version: '25-ea'\nDriver info: org.openqa.selenium.firefox.FirefoxDriver\nCommand: [49a6ef04-c389-4f38-8b0f-8a2195cc6349, clickElement {id=21e88e50-d689-4e3a-94b3-7769a94ae6ed}]\nCapabilities {acceptInsecureCerts: true, browserName: firefox, browserVersion: 122.0.1, moz:accessibilityChecks: false, moz:buildID: 20240205133611, moz:debuggerAddress: 127.0.0.1:45943, moz:geckodriverVersion: 0.35.0, moz:headless: false, moz:platformVersion: 10.0, moz:processID: 110484, moz:profile: C:\\Users\\Admin\\AppData\\Loca..., moz:shutdownTimeout: 60000, moz:webdriverClick: true, moz:windowless: false, pageLoadStrategy: normal, platformName: windows, proxy: Proxy(), se:cdp: ws://127.0.0.1:45943/devtoo..., se:cdpVersion: 85.0, setWindowRect: true, strictFileInteractability: false, timeouts: {implicit: 0, pageLoad: 300000, script: 30000}, unhandledPromptBehavior: dismiss and notify}\nElement: [[FirefoxDriver: firefox on windows (49a6ef04-c389-4f38-8b0f-8a2195cc6349)] -> xpath: /html/body/app-root/app-landing-auth/div[2]/div/div/div[2]/div/div[1]/div/button]\nSession ID: 49a6ef04-c389-4f38-8b0f-8a2195cc6349","trace":"org.openqa.selenium.ElementClickInterceptedException: Element <button> is not clickable at point (1279,480) because another element <img class=\"img-head\" src=\"assets/images/img-model-vuce.png\"> obscures it\nBuild info: version: '4.22.0', revision: 'c5f3146703*'\nSystem info: os.name: 'Windows 11', os.arch: 'amd64', os.version: '10.0', java.version: '25-ea'\nDriver info: org.openqa.selenium.firefox.FirefoxDriver\nCommand: [49a6ef04-c389-4f38-8b0f-8a2195cc6349, clickElement {id=21e88e50-d689-4e3a-94b3-7769a94ae6ed}]\nCapabilities {acceptInsecureCerts: true, browserName: firefox, browserVersion: 122.0.1, moz:accessibilityChecks: false, moz:buildID: 20240205133611, moz:debuggerAddress: 127.0.0.1:45943, moz:geckodriverVersion: 0.35.0, moz:headless: false, moz:platformVersion: 10.0, moz:processID: 110484, moz:profile: C:\\Users\\Admin\\AppData\\Loca..., moz:shutdownTimeout: 60000, moz:webdriverClick: true, moz:windowless: false, pageLoadStrategy: normal, platformName: windows, proxy: Proxy(), se:cdp: ws://127.0.0.1:45943/devtoo..., se:cdpVersion: 85.0, setWindowRect: true, strictFileInteractability: false, timeouts: {implicit: 0, pageLoad: 300000, script: 30000}, unhandledPromptBehavior: dismiss and notify}\nElement: [[FirefoxDriver: firefox on windows (49a6ef04-c389-4f38-8b0f-8a2195cc6349)] -> xpath: /html/body/app-root/app-landing-auth/div[2]/div/div/div[2]/div/div[1]/div/button]\nSession ID: 49a6ef04-c389-4f38-8b0f-8a2195cc6349\r\n\tat java.base/jdk.internal.reflect.DirectConstructorHandleAccessor.newInstance(DirectConstructorHandleAccessor.java:62)\r\n\tat java.base/java.lang.reflect.Constructor.newInstanceWithCaller(Constructor.java:499)\r\n\tat java.base/java.lang.reflect.Constructor.newInstance(Constructor.java:483)\r\n\tat org.openqa.selenium.remote.ErrorCodec.decode(ErrorCodec.java:167)\r\n\tat org.openqa.selenium.remote.codec.w3c.W3CHttpResponseCodec.decode(W3CHttpResponseCodec.java:138)\r\n\tat org.openqa.selenium.remote.codec.w3c.W3CHttpResponseCodec.decode(W3CHttpResponseCodec.java:50)\r\n\tat org.openqa.selenium.remote.HttpCommandExecutor.execute(HttpCommandExecutor.java:190)\r\n\tat org.openqa.selenium.remote.service.DriverCommandExecutor.invokeExecute(DriverCommandExecutor.java:216)\r\n\tat org.openqa.selenium.remote.service.DriverCommandExecutor.execute(DriverCommandExecutor.java:174)\r\n\tat org.openqa.selenium.remote.RemoteWebDriver.execute(RemoteWebDriver.java:518)\r\n\tat org.openqa.selenium.remote.RemoteWebElement.execute(RemoteWebElement.java:223)\r\n\tat org.openqa.selenium.remote.RemoteWebElement.click(RemoteWebElement.java:76)\r\n\tat com.authenticacion.pages.LoginPage.clicIngresar(LoginPage.java:48)\r\n\tat com.authenticacion.steps.StepsGeneralUser.user_enters_credentials_and(StepsGeneralUser.java:59)\r\n\tat ✽.user enters credentials \"backus@gmail.com\" and \"Vuce0424.\"(file:///C:/Workspace/SeleniumWebDriver/SeleniumAutenticacionBDD/src/test/resources/features/5-loginCambiaPerfil.feature:11)\r\n"},"stage":"finished","steps":[],"attachments":[],"parameters":[],"start":1743806356961,"stop":1743806357220},{"name":"And user select option a profile","status":"skipped","statusDetails":{"known":false,"muted":false,"flaky":false},"stage":"finished","steps":[],"attachments":[],"parameters":[],"start":1743806357221,"stop":1743806357222},{"name":"Then user can see MR2 page","status":"skipped","statusDetails":{"known":false,"muted":false,"flaky":false},"stage":"finished","steps":[],"attachments":[],"parameters":[],"start":1743806357222,"stop":1743806357222}],"attachments":[],"parameters":[{"name":"email","value":"backus@gmail.com"},{"name":"","value":""},{"name":"password","value":"Vuce0424."}],"start":1743806351818,"stop":1743806357332}