<?xml version="1.0" encoding="UTF-8"?>
<testng-results ignored="0" total="1" passed="1" failed="0" skipped="0">
  <reporter-output>
  </reporter-output>
  <suite started-at="2025-04-10T13:39:54 PET" name="Default suite" finished-at="2025-04-10T13:40:48 PET" duration-ms="54200">
    <groups>
      <group name="cucumber">
        <method signature="AbstractTestNGCucumberTests.runScenario(io.cucumber.testng.PickleWrapper,io.cucumber.testng.FeatureWrapper)[pri:0, instance:com.authenticacion.runner.CucumberRunner@c5dc4a2]" name="runScenario" class="io.cucumber.testng.AbstractTestNGCucumberTests"/>
      </group> <!-- cucumber -->
    </groups>
    <test started-at="2025-04-10T13:39:54 PET" name="Default test" finished-at="2025-04-10T13:40:48 PET" duration-ms="54200">
      <class name="com.authenticacion.runner.CucumberRunner">
        <test-method is-config="true" signature="setUpClass(org.testng.ITestContext)[pri:0, instance:com.authenticacion.runner.CucumberRunner@c5dc4a2]" started-at="2025-04-10T13:39:54 PET" name="setUpClass" finished-at="2025-04-10T13:39:57 PET" duration-ms="3117" status="PASS">
          <params>
            <param index="0">
              <value>
                <![CDATA[org.testng.TestRunner@3a239dac]]>
              </value>
            </param>
          </params>
          <reporter-output>
          </reporter-output>
        </test-method> <!-- setUpClass -->
        <test-method signature="runScenario(io.cucumber.testng.PickleWrapper,io.cucumber.testng.FeatureWrapper)[pri:0, instance:com.authenticacion.runner.CucumberRunner@c5dc4a2]" started-at="2025-04-10T13:39:57 PET" name="runScenario" description="Runs Cucumber Scenarios" data-provider="scenarios" finished-at="2025-04-10T13:40:44 PET" duration-ms="47264" status="PASS">
          <params>
            <param index="0">
              <value>
                <![CDATA["Crear_Cuenta"]]>
              </value>
            </param>
            <param index="1">
              <value>
                <![CDATA["Crear Cuenta Exta"]]>
              </value>
            </param>
          </params>
          <reporter-output>
          </reporter-output>
        </test-method> <!-- runScenario -->
        <test-method is-config="true" signature="tearDownClass()[pri:0, instance:com.authenticacion.runner.CucumberRunner@c5dc4a2]" started-at="2025-04-10T13:40:44 PET" name="tearDownClass" finished-at="2025-04-10T13:40:48 PET" duration-ms="3786" status="PASS">
          <reporter-output>
          </reporter-output>
        </test-method> <!-- tearDownClass -->
      </class> <!-- com.authenticacion.runner.CucumberRunner -->
    </test> <!-- Default test -->
  </suite> <!-- Default suite -->
</testng-results>
