<?xml version="1.0" encoding="UTF-8"?>
<testng-results ignored="0" total="2" passed="2" failed="0" skipped="0">
  <reporter-output>
  </reporter-output>
  <suite started-at="2024-07-30T00:01:19 PET" name="Default suite" finished-at="2024-07-30T00:01:49 PET" duration-ms="30054">
    <groups>
      <group name="cucumber">
        <method signature="AbstractTestNGCucumberTests.runScenario(io.cucumber.testng.PickleWrapper,io.cucumber.testng.FeatureWrapper)[pri:0, instance:com.authenticacion.runner.CucumberRunner@4d9ac0b4]" name="runScenario" class="io.cucumber.testng.AbstractTestNGCucumberTests"/>
      </group> <!-- cucumber -->
    </groups>
    <test started-at="2024-07-30T00:01:19 PET" name="Default test" finished-at="2024-07-30T00:01:49 PET" duration-ms="30054">
      <class name="com.authenticacion.runner.CucumberRunner">
        <test-method is-config="true" signature="setUpClass(org.testng.ITestContext)[pri:0, instance:com.authenticacion.runner.CucumberRunner@4d9ac0b4]" started-at="2024-07-30T00:01:19 PET" name="setUpClass" finished-at="2024-07-30T00:01:22 PET" duration-ms="3160" status="PASS">
          <params>
            <param index="0">
              <value>
                <![CDATA[org.testng.TestRunner@61d42275]]>
              </value>
            </param>
          </params>
          <reporter-output>
          </reporter-output>
        </test-method> <!-- setUpClass -->
        <test-method signature="runScenario(io.cucumber.testng.PickleWrapper,io.cucumber.testng.FeatureWrapper)[pri:0, instance:com.authenticacion.runner.CucumberRunner@4d9ac0b4]" started-at="2024-07-30T00:01:22 PET" name="runScenario" description="Runs Cucumber Scenarios" data-provider="scenarios" finished-at="2024-07-30T00:01:29 PET" duration-ms="6956" status="PASS">
          <params>
            <param index="0">
              <value>
                <![CDATA["login a user"]]>
              </value>
            </param>
            <param index="1">
              <value>
                <![CDATA["Login User"]]>
              </value>
            </param>
          </params>
          <reporter-output>
          </reporter-output>
        </test-method> <!-- runScenario -->
        <test-method signature="runScenario(io.cucumber.testng.PickleWrapper,io.cucumber.testng.FeatureWrapper)[pri:0, instance:com.authenticacion.runner.CucumberRunner@4d9ac0b4]" started-at="2024-07-30T00:01:29 PET" name="runScenario" description="Runs Cucumber Scenarios" data-provider="scenarios" finished-at="2024-07-30T00:01:45 PET" duration-ms="15713" status="PASS">
          <params>
            <param index="0">
              <value>
                <![CDATA["select a profile"]]>
              </value>
            </param>
            <param index="1">
              <value>
                <![CDATA["Profile User"]]>
              </value>
            </param>
          </params>
          <reporter-output>
          </reporter-output>
        </test-method> <!-- runScenario -->
        <test-method is-config="true" signature="tearDownClass()[pri:0, instance:com.authenticacion.runner.CucumberRunner@4d9ac0b4]" started-at="2024-07-30T00:01:45 PET" name="tearDownClass" finished-at="2024-07-30T00:01:49 PET" duration-ms="4158" status="PASS">
          <reporter-output>
          </reporter-output>
        </test-method> <!-- tearDownClass -->
      </class> <!-- com.authenticacion.runner.CucumberRunner -->
    </test> <!-- Default test -->
  </suite> <!-- Default suite -->
</testng-results>
